c:\users\stoia\desktop\git\oop_solar_system\ss_oop\ss_oop\x64\debug\vc143.pdb
c:\users\stoia\desktop\git\oop_solar_system\ss_oop\ss_oop\x64\debug\vc143.idb
c:\users\stoia\desktop\git\oop_solar_system\ss_oop\ss_oop\x64\debug\system.obj
c:\users\stoia\desktop\git\oop_solar_system\ss_oop\ss_oop\x64\debug\stea.obj
c:\users\stoia\desktop\git\oop_solar_system\ss_oop\ss_oop\x64\debug\ss_oop.obj
c:\users\stoia\desktop\git\oop_solar_system\ss_oop\ss_oop\x64\debug\satellite.obj
c:\users\stoia\desktop\git\oop_solar_system\ss_oop\ss_oop\x64\debug\planet.obj
c:\users\stoia\desktop\git\oop_solar_system\ss_oop\ss_oop\x64\debug\corpceresc.obj
c:\users\stoia\desktop\git\oop_solar_system\ss_oop\ss_oop\x64\debug\blackhole.obj
c:\users\stoia\desktop\git\oop_solar_system\ss_oop\x64\debug\ss_oop.pdb
c:\users\stoia\desktop\git\oop_solar_system\ss_oop\ss_oop\x64\debug\ss_oop.tlog\cl.command.1.tlog
c:\users\stoia\desktop\git\oop_solar_system\ss_oop\ss_oop\x64\debug\ss_oop.tlog\cl.read.1.tlog
c:\users\stoia\desktop\git\oop_solar_system\ss_oop\ss_oop\x64\debug\ss_oop.tlog\cl.write.1.tlog
c:\users\stoia\desktop\git\oop_solar_system\ss_oop\ss_oop\x64\debug\ss_oop.tlog\link-cvtres.read.1.tlog
c:\users\stoia\desktop\git\oop_solar_system\ss_oop\ss_oop\x64\debug\ss_oop.tlog\link-cvtres.write.1.tlog
c:\users\stoia\desktop\git\oop_solar_system\ss_oop\ss_oop\x64\debug\ss_oop.tlog\link-rc.read.1.tlog
c:\users\stoia\desktop\git\oop_solar_system\ss_oop\ss_oop\x64\debug\ss_oop.tlog\link-rc.write.1.tlog
c:\users\stoia\desktop\git\oop_solar_system\ss_oop\ss_oop\x64\debug\ss_oop.tlog\link.command.1.tlog
c:\users\stoia\desktop\git\oop_solar_system\ss_oop\ss_oop\x64\debug\ss_oop.tlog\link.read.1.tlog
c:\users\stoia\desktop\git\oop_solar_system\ss_oop\ss_oop\x64\debug\ss_oop.tlog\link.read.2.tlog
c:\users\stoia\desktop\git\oop_solar_system\ss_oop\ss_oop\x64\debug\ss_oop.tlog\link.write.1.tlog
